<?xml version="1.0" encoding="UTF-8"?>
<!-- Generated by org.testng.reporters.JUnitReportReporter -->
<testsuite hostname="LAPTOP-8097H54N" failures="0" tests="4" name="api.test.UserTests2" time="6.213" errors="0" timestamp="2024-08-25T18:40:34 IST" skipped="0">
  <testcase classname="api.test.UserTests2" name="testPostUser" time="3.816"/>
  <testcase classname="api.test.UserTests2" name="testGetUser" time="0.610"/>
  <testcase classname="api.test.UserTests2" name="testUpdateUser" time="1.180"/>
  <testcase classname="api.test.UserTests2" name="testDeleteUser" time="0.607"/>
</testsuite> <!-- api.test.UserTests2 -->
